<?xml version="1.0" encoding="UTF-8"?>
<beans xmlns="http://www.springframework.org/schema/beans"
       xmlns:xsi="http://www.w3.org/2001/XMLSchema-instance"
       xmlns:context="http://www.springframework.org/schema/context"
       xmlns:tx="http://www.springframework.org/schema/tx"
              xmlns:aop="http://www.springframework.org/schema/aop"
       xsi:schemaLocation="http://www.springframework.org/schema/beans
                           http://www.springframework.org/schema/beans/spring-beans.xsd
                           http://www.springframework.org/schema/mvc
                           http://www.springframework.org/schema/mvc/spring-mvc.xsd
                           http://www.springframework.org/schema/tx 
                           http://www.springframework.org/schema/tx/spring-tx-3.0.xsd
                           http://www.springframework.org/schema/context
                           http://www.springframework.org/schema/context/spring-context.xsd
       http://www.springframework.org/schema/aop http://www.springframework.org/schema/aop/spring-aop-3.2.xsd"> 

    <!-- Bean definitions go here -->
    <bean id="luckySevensDao" 
          class="com.sg.sitelab.luckysevens.LuckySevensDaoInMemImpl">
    </bean>
    <bean id="factorizerDao" 
          class="com.sg.sitelab.factorizer.FactorizerDaoInMemImpl">
    </bean>
    <bean id="interestCalculatorDao" 
          class="com.sg.sitelab.interestcalculator.InterestCalculatorDaoInMemImpl">
    </bean>
    <bean id="flooringCalculatorDao" 
          class="com.sg.sitelab.flooringcalculator.FlooringCalculatorDaoInMemImpl">
    </bean>
    <bean id="tipCalculatorDao" 
          class="com.sg.sitelab.tipcalculator.TipCalculatorDaoInMemImpl">
    </bean>
    <bean id="unitConverterDao" 
          class="com.sg.sitelab.unitconverter.UnitConverterDaoInMemImpl">
    </bean>
</beans>
